mmap(NULL, 8192, PROT_READ|PROT_WRITE, MAP_PRIVATE|MAP_ANONYMOUS, -1, 0) = 0x7fd818ec8000
openat(AT_FDCWD, "/etc/ld.so.cache", O_RDONLY|O_CLOEXEC) = 3
mmap(NULL, 60123, PROT_READ, MAP_PRIVATE, 3, 0) = 0x7fd818eb9000
openat(AT_FDCWD, "/lib/x86_64-linux-gnu/libc.so.6", O_RDONLY|O_CLOEXEC) = 3
read(3, "\177ELF\2\1\1\3\0\0\0\0\0\0\0\0\3\0>\0\1\0\0\0P\237\2\0\0\0\0\0"..., 832) = 832
mmap(NULL, 2260560, PROT_READ, MAP_PRIVATE|MAP_DENYWRITE, 3, 0) = 0x7fd818c00000
mmap(0x7fd818c28000, 1658880, PROT_READ|PROT_EXEC, MAP_PRIVATE|MAP_FIXED|MAP_DENYWRITE, 3, 0x28000) = 0x7fd818c28000
mmap(0x7fd818dbd000, 360448, PROT_READ, MAP_PRIVATE|MAP_FIXED|MAP_DENYWRITE, 3, 0x1bd000) = 0x7fd818dbd000
mmap(0x7fd818e15000, 24576, PROT_READ|PROT_WRITE, MAP_PRIVATE|MAP_FIXED|MAP_DENYWRITE, 3, 0x214000) = 0x7fd818e15000
mmap(0x7fd818e1b000, 52816, PROT_READ|PROT_WRITE, MAP_PRIVATE|MAP_FIXED|MAP_ANONYMOUS, -1, 0) = 0x7fd818e1b000
mmap(NULL, 12288, PROT_READ|PROT_WRITE, MAP_PRIVATE|MAP_ANONYMOUS, -1, 0) = 0x7fd818eb6000
openat(AT_FDCWD, "REQ_PIPE_99475", O_RDONLY) = 3
openat(AT_FDCWD, "RESP_PIPE_99475", O_WRONLY) = 4
read(3, "\n", 1)                        = 1
read(3, "C", 1)                         = 1
read(3, "R", 1)                         = 1
read(3, "E", 1)                         = 1
read(3, "A", 1)                         = 1
read(3, "T", 1)                         = 1
read(3, "E", 1)                         = 1
read(3, "_", 1)                         = 1
read(3, "S", 1)                         = 1
read(3, "H", 1)                         = 1
read(3, "M", 1)                         = 1
read(3, "\337\267\30\0", 4)             = 4
openat(AT_FDCWD, "/dev/shm/UZ5I4DNT", O_RDWR|O_CREAT|O_NOFOLLOW|O_CLOEXEC, 0644) = 5
mmap(NULL, 1619935, PROT_READ|PROT_WRITE, MAP_SHARED, 5, 0) = 0x7fd818a74000
read(3, "\10", 1)                       = 1
read(3, "M", 1)                         = 1
read(3, "A", 1)                         = 1
read(3, "P", 1)                         = 1
read(3, "_", 1)                         = 1
read(3, "F", 1)                         = 1
read(3, "I", 1)                         = 1
read(3, "L", 1)                         = 1
read(3, "E", 1)                         = 1
read(3, "\30", 1)                       = 1
read(3, "t", 1)                         = 1
read(3, "e", 1)                         = 1
read(3, "s", 1)                         = 1
read(3, "t", 1)                         = 1
read(3, "_", 1)                         = 1
read(3, "r", 1)                         = 1
read(3, "o", 1)                         = 1
read(3, "o", 1)                         = 1
read(3, "t", 1)                         = 1
read(3, "/", 1)                         = 1
read(3, "t", 1)                         = 1
read(3, "o", 1)                         = 1
read(3, "q", 1)                         = 1
read(3, "w", 1)                         = 1
read(3, "u", 1)                         = 1
read(3, "x", 1)                         = 1
read(3, "X", 1)                         = 1
read(3, "1", 1)                         = 1
read(3, "w", 1)                         = 1
read(3, "T", 1)                         = 1
read(3, ".", 1)                         = 1
read(3, "y", 1)                         = 1
read(3, "m", 1)                         = 1
read(3, "j", 1)                         = 1
openat(AT_FDCWD, "test_root/toqwuxX1wT.ymj", O_RDONLY) = 6
mmap(NULL, 79614, PROT_READ, MAP_PRIVATE, 6, 0) = 0x7fd818ea2000
mmap(NULL, 24, PROT_READ, MAP_PRIVATE, 6, 0) = 0x7fd818f01000
read(3, "\36", 1)                       = 1
read(3, "R", 1)                         = 1
read(3, "E", 1)                         = 1
read(3, "A", 1)                         = 1
read(3, "D", 1)                         = 1
read(3, "_", 1)                         = 1
read(3, "F", 1)                         = 1
read(3, "R", 1)                         = 1
read(3, "O", 1)                         = 1
read(3, "M", 1)                         = 1
read(3, "_", 1)                         = 1
read(3, "L", 1)                         = 1
read(3, "O", 1)                         = 1
read(3, "G", 1)                         = 1
read(3, "I", 1)                         = 1
read(3, "C", 1)                         = 1
read(3, "A", 1)                         = 1
read(3, "L", 1)                         = 1
read(3, "_", 1)                         = 1
read(3, "S", 1)                         = 1
read(3, "P", 1)                         = 1
read(3, "A", 1)                         = 1
read(3, "C", 1)                         = 1
read(3, "E", 1)                         = 1
read(3, "_", 1)                         = 1
read(3, "O", 1)                         = 1
read(3, "F", 1)                         = 1
read(3, "F", 1)                         = 1
read(3, "S", 1)                         = 1
read(3, "E", 1)                         = 1
read(3, "T", 1)                         = 1
read(3, "V", 1)                         = 1
read(3, "a", 1)                         = 1
read(3, "\0", 1)                        = 1
read(3, "\0", 1)                        = 1
read(3, "h", 1)                         = 1
read(3, "\3", 1)                        = 1
read(3, "\0", 1)                        = 1
read(3, "\0", 1)                        = 1
read(3, 